2017-11-22 15:12:04.536  INFO 4817 --- [main] com.nisum.mytime.DemoApplication         : Starting DemoApplication on MaheshG-MacBook-Pro.local with PID 4817 (/Users/maheshgutam/Desktop/MyTime-POC/demo/bin started by maheshgutam in /Users/maheshgutam/Desktop/MyTime-POC/demo)
2017-11-22 15:12:04.539  INFO 4817 --- [main] com.nisum.mytime.DemoApplication         : No active profile set, falling back to default profiles: default
2017-11-22 15:12:04.658  INFO 4817 --- [main] ationConfigEmbeddedWebApplicationContext : Refreshing org.springframework.boot.context.embedded.AnnotationConfigEmbeddedWebApplicationContext@60dcc9fe: startup date [Wed Nov 22 15:12:04 IST 2017]; root of context hierarchy
2017-11-22 15:12:07.267  INFO 4817 --- [main] s.b.c.e.t.TomcatEmbeddedServletContainer : Tomcat initialized with port(s): 8080 (http)
2017-11-22 15:12:07.284  INFO 4817 --- [main] o.apache.catalina.core.StandardService   : Starting service [Tomcat]
2017-11-22 15:12:07.286  INFO 4817 --- [main] org.apache.catalina.core.StandardEngine  : Starting Servlet Engine: Apache Tomcat/8.5.23
2017-11-22 15:12:07.430  INFO 4817 --- [localhost-startStop-1] o.a.c.c.C.[Tomcat].[localhost].[/]       : Initializing Spring embedded WebApplicationContext
2017-11-22 15:12:07.922  INFO 4817 --- [localhost-startStop-1] o.s.b.w.servlet.FilterRegistrationBean   : Mapping filter: 'metricsFilter' to: [/*]
2017-11-22 15:12:07.923  INFO 4817 --- [localhost-startStop-1] o.s.b.w.servlet.FilterRegistrationBean   : Mapping filter: 'characterEncodingFilter' to: [/*]
2017-11-22 15:12:07.923  INFO 4817 --- [localhost-startStop-1] o.s.b.w.servlet.FilterRegistrationBean   : Mapping filter: 'hiddenHttpMethodFilter' to: [/*]
2017-11-22 15:12:07.923  INFO 4817 --- [localhost-startStop-1] o.s.b.w.servlet.FilterRegistrationBean   : Mapping filter: 'httpPutFormContentFilter' to: [/*]
2017-11-22 15:12:07.923  INFO 4817 --- [localhost-startStop-1] o.s.b.w.servlet.FilterRegistrationBean   : Mapping filter: 'requestContextFilter' to: [/*]
2017-11-22 15:12:07.925  INFO 4817 --- [localhost-startStop-1] .s.DelegatingFilterProxyRegistrationBean : Mapping filter: 'springSecurityFilterChain' to: [/*]
2017-11-22 15:12:07.925  INFO 4817 --- [localhost-startStop-1] o.s.b.w.servlet.FilterRegistrationBean   : Mapping filter: 'webRequestLoggingFilter' to: [/*]
2017-11-22 15:12:07.932  INFO 4817 --- [localhost-startStop-1] o.s.b.w.servlet.FilterRegistrationBean   : Mapping filter: 'applicationContextIdFilter' to: [/*]
2017-11-22 15:12:07.932  INFO 4817 --- [localhost-startStop-1] o.s.b.w.servlet.ServletRegistrationBean  : Mapping servlet: 'dispatcherServlet' to [/]
2017-11-22 15:12:08.346  INFO 4817 --- [main] org.mongodb.driver.cluster               : Cluster created with settings {hosts=[localhost:27017], mode=MULTIPLE, requiredClusterType=UNKNOWN, serverSelectionTimeout='30000 ms', maxWaitQueueSize=500}
2017-11-22 15:12:08.347  INFO 4817 --- [main] org.mongodb.driver.cluster               : Adding discovered server localhost:27017 to client view of cluster
2017-11-22 15:12:08.429  INFO 4817 --- [cluster-ClusterId{value='5a154670ef120812d1da7bfd', description='null'}-localhost:27017] org.mongodb.driver.connection            : Opened connection [connectionId{localValue:1, serverValue:161}] to localhost:27017
2017-11-22 15:12:08.432  INFO 4817 --- [cluster-ClusterId{value='5a154670ef120812d1da7bfd', description='null'}-localhost:27017] org.mongodb.driver.cluster               : Monitor thread successfully connected to server with description ServerDescription{address=localhost:27017, type=STANDALONE, state=CONNECTED, ok=true, version=ServerVersion{versionList=[3, 4, 3]}, minWireVersion=0, maxWireVersion=5, maxDocumentSize=16777216, roundTripTimeNanos=903352}
2017-11-22 15:12:08.434  INFO 4817 --- [cluster-ClusterId{value='5a154670ef120812d1da7bfd', description='null'}-localhost:27017] org.mongodb.driver.cluster               : Discovered cluster type of STANDALONE
2017-11-22 15:12:09.668  INFO 4817 --- [main] o.s.s.web.DefaultSecurityFilterChain     : Creating filter chain: org.springframework.security.web.util.matcher.AnyRequestMatcher@1, [org.springframework.security.web.context.request.async.WebAsyncManagerIntegrationFilter@363c4251, org.springframework.security.web.context.SecurityContextPersistenceFilter@f1d0004, org.springframework.security.web.header.HeaderWriterFilter@423b2b62, org.springframework.security.web.authentication.logout.LogoutFilter@6cf0a747, org.springframework.security.web.authentication.UsernamePasswordAuthenticationFilter@788ddc1f, org.springframework.security.web.authentication.ui.DefaultLoginPageGeneratingFilter@75d4a80f, org.springframework.security.web.authentication.www.BasicAuthenticationFilter@1f346ad2, org.springframework.security.web.savedrequest.RequestCacheAwareFilter@48b4a043, org.springframework.security.web.servletapi.SecurityContextHolderAwareRequestFilter@1b956cfa, org.springframework.security.web.authentication.AnonymousAuthenticationFilter@7afc4db9, org.springframework.security.web.session.SessionManagementFilter@6ad16c5d, org.springframework.security.web.access.ExceptionTranslationFilter@56637cff, org.springframework.security.web.access.intercept.FilterSecurityInterceptor@64d4f7c7]
2017-11-22 15:12:09.984  INFO 4817 --- [main] oConfiguration$WelcomePageHandlerMapping : Adding welcome page: ServletContext resource [/index.html]
2017-11-22 15:12:10.404  INFO 4817 --- [main] o.s.b.a.e.mvc.EndpointHandlerMapping     : Mapped "{[/trace || /trace.json],methods=[GET],produces=[application/vnd.spring-boot.actuator.v1+json || application/json]}" onto public java.lang.Object org.springframework.boot.actuate.endpoint.mvc.EndpointMvcAdapter.invoke()
2017-11-22 15:12:10.407  INFO 4817 --- [main] o.s.b.a.e.mvc.EndpointHandlerMapping     : Mapped "{[/env/{name:.*}],methods=[GET],produces=[application/vnd.spring-boot.actuator.v1+json || application/json]}" onto public java.lang.Object org.springframework.boot.actuate.endpoint.mvc.EnvironmentMvcEndpoint.value(java.lang.String)
2017-11-22 15:12:10.407  INFO 4817 --- [main] o.s.b.a.e.mvc.EndpointHandlerMapping     : Mapped "{[/env || /env.json],methods=[GET],produces=[application/vnd.spring-boot.actuator.v1+json || application/json]}" onto public java.lang.Object org.springframework.boot.actuate.endpoint.mvc.EndpointMvcAdapter.invoke()
2017-11-22 15:12:10.408  INFO 4817 --- [main] o.s.b.a.e.mvc.EndpointHandlerMapping     : Mapped "{[/configprops || /configprops.json],methods=[GET],produces=[application/vnd.spring-boot.actuator.v1+json || application/json]}" onto public java.lang.Object org.springframework.boot.actuate.endpoint.mvc.EndpointMvcAdapter.invoke()
2017-11-22 15:12:10.410  INFO 4817 --- [main] o.s.b.a.e.mvc.EndpointHandlerMapping     : Mapped "{[/auditevents || /auditevents.json],methods=[GET],produces=[application/vnd.spring-boot.actuator.v1+json || application/json]}" onto public org.springframework.http.ResponseEntity<?> org.springframework.boot.actuate.endpoint.mvc.AuditEventsMvcEndpoint.findByPrincipalAndAfterAndType(java.lang.String,java.util.Date,java.lang.String)
2017-11-22 15:12:10.411  INFO 4817 --- [main] o.s.b.a.e.mvc.EndpointHandlerMapping     : Mapped "{[/health || /health.json],methods=[GET],produces=[application/vnd.spring-boot.actuator.v1+json || application/json]}" onto public java.lang.Object org.springframework.boot.actuate.endpoint.mvc.HealthMvcEndpoint.invoke(javax.servlet.http.HttpServletRequest,java.security.Principal)
2017-11-22 15:12:10.413  INFO 4817 --- [main] o.s.b.a.e.mvc.EndpointHandlerMapping     : Mapped "{[/metrics/{name:.*}],methods=[GET],produces=[application/vnd.spring-boot.actuator.v1+json || application/json]}" onto public java.lang.Object org.springframework.boot.actuate.endpoint.mvc.MetricsMvcEndpoint.value(java.lang.String)
2017-11-22 15:12:10.413  INFO 4817 --- [main] o.s.b.a.e.mvc.EndpointHandlerMapping     : Mapped "{[/metrics || /metrics.json],methods=[GET],produces=[application/vnd.spring-boot.actuator.v1+json || application/json]}" onto public java.lang.Object org.springframework.boot.actuate.endpoint.mvc.EndpointMvcAdapter.invoke()
2017-11-22 15:12:10.416  INFO 4817 --- [main] o.s.b.a.e.mvc.EndpointHandlerMapping     : Mapped "{[/appInfo || /appInfo.json],methods=[GET],produces=[application/vnd.spring-boot.actuator.v1+json || application/json]}" onto public java.lang.Object org.springframework.boot.actuate.endpoint.mvc.EndpointMvcAdapter.invoke()
2017-11-22 15:12:10.418  INFO 4817 --- [main] o.s.b.a.e.mvc.EndpointHandlerMapping     : Mapped "{[/loggers/{name:.*}],methods=[GET],produces=[application/vnd.spring-boot.actuator.v1+json || application/json]}" onto public java.lang.Object org.springframework.boot.actuate.endpoint.mvc.LoggersMvcEndpoint.get(java.lang.String)
2017-11-22 15:12:10.418  INFO 4817 --- [main] o.s.b.a.e.mvc.EndpointHandlerMapping     : Mapped "{[/loggers/{name:.*}],methods=[POST],consumes=[application/vnd.spring-boot.actuator.v1+json || application/json],produces=[application/vnd.spring-boot.actuator.v1+json || application/json]}" onto public java.lang.Object org.springframework.boot.actuate.endpoint.mvc.LoggersMvcEndpoint.set(java.lang.String,java.util.Map<java.lang.String, java.lang.String>)
2017-11-22 15:12:10.419  INFO 4817 --- [main] o.s.b.a.e.mvc.EndpointHandlerMapping     : Mapped "{[/loggers || /loggers.json],methods=[GET],produces=[application/vnd.spring-boot.actuator.v1+json || application/json]}" onto public java.lang.Object org.springframework.boot.actuate.endpoint.mvc.EndpointMvcAdapter.invoke()
2017-11-22 15:12:10.421  INFO 4817 --- [main] o.s.b.a.e.mvc.EndpointHandlerMapping     : Mapped "{[/logfile || /logfile.json],methods=[GET || HEAD]}" onto public void org.springframework.boot.actuate.endpoint.mvc.LogFileMvcEndpoint.invoke(javax.servlet.http.HttpServletRequest,javax.servlet.http.HttpServletResponse) throws javax.servlet.ServletException,java.io.IOException
2017-11-22 15:12:10.423  INFO 4817 --- [main] o.s.b.a.e.mvc.EndpointHandlerMapping     : Mapped "{[/beans || /beans.json],methods=[GET],produces=[application/vnd.spring-boot.actuator.v1+json || application/json]}" onto public java.lang.Object org.springframework.boot.actuate.endpoint.mvc.EndpointMvcAdapter.invoke()
2017-11-22 15:12:10.424  INFO 4817 --- [main] o.s.b.a.e.mvc.EndpointHandlerMapping     : Mapped "{[/dump || /dump.json],methods=[GET],produces=[application/vnd.spring-boot.actuator.v1+json || application/json]}" onto public java.lang.Object org.springframework.boot.actuate.endpoint.mvc.EndpointMvcAdapter.invoke()
2017-11-22 15:12:10.427  INFO 4817 --- [main] o.s.b.a.e.mvc.EndpointHandlerMapping     : Mapped "{[/heapdump || /heapdump.json],methods=[GET],produces=[application/octet-stream]}" onto public void org.springframework.boot.actuate.endpoint.mvc.HeapdumpMvcEndpoint.invoke(boolean,javax.servlet.http.HttpServletRequest,javax.servlet.http.HttpServletResponse) throws java.io.IOException,javax.servlet.ServletException
2017-11-22 15:12:10.428  INFO 4817 --- [main] o.s.b.a.e.mvc.EndpointHandlerMapping     : Mapped "{[/autoconfig || /autoconfig.json],methods=[GET],produces=[application/vnd.spring-boot.actuator.v1+json || application/json]}" onto public java.lang.Object org.springframework.boot.actuate.endpoint.mvc.EndpointMvcAdapter.invoke()
2017-11-22 15:12:10.431  INFO 4817 --- [main] o.s.b.a.e.mvc.EndpointHandlerMapping     : Mapped "{[/mappings || /mappings.json],methods=[GET],produces=[application/vnd.spring-boot.actuator.v1+json || application/json]}" onto public java.lang.Object org.springframework.boot.actuate.endpoint.mvc.EndpointMvcAdapter.invoke()
2017-11-22 15:12:10.494  INFO 4817 --- [main] o.s.s.web.DefaultSecurityFilterChain     : Creating filter chain: org.springframework.boot.actuate.autoconfigure.ManagementWebSecurityAutoConfiguration$LazyEndpointPathRequestMatcher@11c3ff67, [org.springframework.security.web.context.request.async.WebAsyncManagerIntegrationFilter@4397a639, org.springframework.security.web.context.SecurityContextPersistenceFilter@72fd8a3c, org.springframework.security.web.header.HeaderWriterFilter@3b920bdc, org.springframework.web.filter.CorsFilter@24841372, org.springframework.security.web.authentication.logout.LogoutFilter@623ebac7, org.springframework.security.web.authentication.www.BasicAuthenticationFilter@3f1ed068, org.springframework.security.web.savedrequest.RequestCacheAwareFilter@1f9f381d, org.springframework.security.web.servletapi.SecurityContextHolderAwareRequestFilter@34780cd9, org.springframework.security.web.authentication.AnonymousAuthenticationFilter@77114efe, org.springframework.security.web.session.SessionManagementFilter@7f5538a1, org.springframework.security.web.access.ExceptionTranslationFilter@67514bdd, org.springframework.security.web.access.intercept.FilterSecurityInterceptor@4437ac07]
2017-11-22 15:12:11.532  INFO 4817 --- [main] o.s.j.e.a.AnnotationMBeanExporter        : Registering beans for JMX exposure on startup
2017-11-22 15:12:11.550  INFO 4817 --- [main] o.s.c.support.DefaultLifecycleProcessor  : Starting beans in phase 0
2017-11-22 15:12:11.754  INFO 4817 --- [main] s.b.c.e.t.TomcatEmbeddedServletContainer : Tomcat started on port(s): 8080 (http)
2017-11-22 15:12:11.764  INFO 4817 --- [main] com.nisum.mytime.DemoApplication         : Started DemoApplication in 7.585 seconds (JVM running for 8.538)
2017-11-22 15:12:24.714  INFO 4817 --- [http-nio-8080-exec-1] o.a.c.c.C.[Tomcat].[localhost].[/]       : Initializing Spring FrameworkServlet 'dispatcherServlet'
2017-11-22 15:12:31.038  INFO 4817 --- [http-nio-8080-exec-7] c.n.m.c.DemoApplicationController        : action: authenticateUser, User Id: mahesh
2017-11-22 15:12:31.109  INFO 4817 --- [http-nio-8080-exec-7] org.mongodb.driver.connection            : Opened connection [connectionId{localValue:2, serverValue:162}] to localhost:27017
2017-11-22 15:13:53.698  INFO 4817 --- [RMI TCP Connection(6)-127.0.0.1] inMXBeanRegistrar$SpringApplicationAdmin : Application shutdown requested.
2017-11-22 15:13:53.699  INFO 4817 --- [RMI TCP Connection(6)-127.0.0.1] ationConfigEmbeddedWebApplicationContext : Closing org.springframework.boot.context.embedded.AnnotationConfigEmbeddedWebApplicationContext@60dcc9fe: startup date [Wed Nov 22 15:12:04 IST 2017]; root of context hierarchy
2017-11-22 15:13:53.703  INFO 4817 --- [RMI TCP Connection(6)-127.0.0.1] o.s.c.support.DefaultLifecycleProcessor  : Stopping beans in phase 0
2017-11-22 15:13:53.711  INFO 4817 --- [RMI TCP Connection(6)-127.0.0.1] o.s.j.e.a.AnnotationMBeanExporter        : Unregistering JMX-exposed beans on shutdown
2017-11-22 15:13:53.717  INFO 4817 --- [RMI TCP Connection(6)-127.0.0.1] org.mongodb.driver.connection            : Closed connection [connectionId{localValue:2, serverValue:162}] to localhost:27017 because the pool has been closed.
2017-11-22 15:14:00.490  INFO 4822 --- [main] com.nisum.mytime.DemoApplication         : Starting DemoApplication on MaheshG-MacBook-Pro.local with PID 4822 (/Users/maheshgutam/Desktop/MyTime-POC/demo/bin started by maheshgutam in /Users/maheshgutam/Desktop/MyTime-POC/demo)
2017-11-22 15:14:00.493  INFO 4822 --- [main] com.nisum.mytime.DemoApplication         : No active profile set, falling back to default profiles: default
2017-11-22 15:14:00.645  INFO 4822 --- [main] ationConfigEmbeddedWebApplicationContext : Refreshing org.springframework.boot.context.embedded.AnnotationConfigEmbeddedWebApplicationContext@222114ba: startup date [Wed Nov 22 15:14:00 IST 2017]; root of context hierarchy
2017-11-22 15:14:03.477  INFO 4822 --- [main] s.b.c.e.t.TomcatEmbeddedServletContainer : Tomcat initialized with port(s): 8080 (http)
2017-11-22 15:14:03.492  INFO 4822 --- [main] o.apache.catalina.core.StandardService   : Starting service [Tomcat]
2017-11-22 15:14:03.494  INFO 4822 --- [main] org.apache.catalina.core.StandardEngine  : Starting Servlet Engine: Apache Tomcat/8.5.23
2017-11-22 15:14:03.637  INFO 4822 --- [localhost-startStop-1] o.a.c.c.C.[Tomcat].[localhost].[/]       : Initializing Spring embedded WebApplicationContext
2017-11-22 15:14:04.131  INFO 4822 --- [localhost-startStop-1] o.s.b.w.servlet.FilterRegistrationBean   : Mapping filter: 'metricsFilter' to: [/*]
2017-11-22 15:14:04.132  INFO 4822 --- [localhost-startStop-1] o.s.b.w.servlet.FilterRegistrationBean   : Mapping filter: 'characterEncodingFilter' to: [/*]
2017-11-22 15:14:04.132  INFO 4822 --- [localhost-startStop-1] o.s.b.w.servlet.FilterRegistrationBean   : Mapping filter: 'hiddenHttpMethodFilter' to: [/*]
2017-11-22 15:14:04.132  INFO 4822 --- [localhost-startStop-1] o.s.b.w.servlet.FilterRegistrationBean   : Mapping filter: 'httpPutFormContentFilter' to: [/*]
2017-11-22 15:14:04.133  INFO 4822 --- [localhost-startStop-1] o.s.b.w.servlet.FilterRegistrationBean   : Mapping filter: 'requestContextFilter' to: [/*]
2017-11-22 15:14:04.134  INFO 4822 --- [localhost-startStop-1] .s.DelegatingFilterProxyRegistrationBean : Mapping filter: 'springSecurityFilterChain' to: [/*]
2017-11-22 15:14:04.135  INFO 4822 --- [localhost-startStop-1] o.s.b.w.servlet.FilterRegistrationBean   : Mapping filter: 'webRequestLoggingFilter' to: [/*]
2017-11-22 15:14:04.135  INFO 4822 --- [localhost-startStop-1] o.s.b.w.servlet.FilterRegistrationBean   : Mapping filter: 'applicationContextIdFilter' to: [/*]
2017-11-22 15:14:04.135  INFO 4822 --- [localhost-startStop-1] o.s.b.w.servlet.ServletRegistrationBean  : Mapping servlet: 'dispatcherServlet' to [/]
2017-11-22 15:14:04.566  INFO 4822 --- [main] org.mongodb.driver.cluster               : Cluster created with settings {hosts=[localhost:27017], mode=MULTIPLE, requiredClusterType=UNKNOWN, serverSelectionTimeout='30000 ms', maxWaitQueueSize=500}
2017-11-22 15:14:04.567  INFO 4822 --- [main] org.mongodb.driver.cluster               : Adding discovered server localhost:27017 to client view of cluster
2017-11-22 15:14:04.655  INFO 4822 --- [cluster-ClusterId{value='5a1546e4ef120812d6380eb0', description='null'}-localhost:27017] org.mongodb.driver.connection            : Opened connection [connectionId{localValue:1, serverValue:163}] to localhost:27017
2017-11-22 15:14:04.658  INFO 4822 --- [cluster-ClusterId{value='5a1546e4ef120812d6380eb0', description='null'}-localhost:27017] org.mongodb.driver.cluster               : Monitor thread successfully connected to server with description ServerDescription{address=localhost:27017, type=STANDALONE, state=CONNECTED, ok=true, version=ServerVersion{versionList=[3, 4, 3]}, minWireVersion=0, maxWireVersion=5, maxDocumentSize=16777216, roundTripTimeNanos=927920}
2017-11-22 15:14:04.660  INFO 4822 --- [cluster-ClusterId{value='5a1546e4ef120812d6380eb0', description='null'}-localhost:27017] org.mongodb.driver.cluster               : Discovered cluster type of STANDALONE
2017-11-22 15:14:06.041  INFO 4822 --- [main] o.s.s.web.DefaultSecurityFilterChain     : Creating filter chain: org.springframework.security.web.util.matcher.AnyRequestMatcher@1, [org.springframework.security.web.context.request.async.WebAsyncManagerIntegrationFilter@2bfb6b49, org.springframework.security.web.context.SecurityContextPersistenceFilter@423b2b62, org.springframework.security.web.header.HeaderWriterFilter@76ad6715, org.springframework.security.web.authentication.logout.LogoutFilter@ccf91df, org.springframework.security.web.authentication.UsernamePasswordAuthenticationFilter@10f7918f, org.springframework.security.web.authentication.ui.DefaultLoginPageGeneratingFilter@41294371, org.springframework.security.web.authentication.www.BasicAuthenticationFilter@788ddc1f, org.springframework.security.web.savedrequest.RequestCacheAwareFilter@6ad16c5d, org.springframework.security.web.servletapi.SecurityContextHolderAwareRequestFilter@4821aa9f, org.springframework.security.web.authentication.AnonymousAuthenticationFilter@1f346ad2, org.springframework.security.web.session.SessionManagementFilter@2938127d, org.springframework.security.web.access.ExceptionTranslationFilter@934b52f, org.springframework.security.web.access.intercept.FilterSecurityInterceptor@17143b3b]
2017-11-22 15:14:06.377  INFO 4822 --- [main] oConfiguration$WelcomePageHandlerMapping : Adding welcome page: ServletContext resource [/index.html]
2017-11-22 15:14:06.775  INFO 4822 --- [main] o.s.b.a.e.mvc.EndpointHandlerMapping     : Mapped "{[/beans || /beans.json],methods=[GET],produces=[application/vnd.spring-boot.actuator.v1+json || application/json]}" onto public java.lang.Object org.springframework.boot.actuate.endpoint.mvc.EndpointMvcAdapter.invoke()
2017-11-22 15:14:06.777  INFO 4822 --- [main] o.s.b.a.e.mvc.EndpointHandlerMapping     : Mapped "{[/dump || /dump.json],methods=[GET],produces=[application/vnd.spring-boot.actuator.v1+json || application/json]}" onto public java.lang.Object org.springframework.boot.actuate.endpoint.mvc.EndpointMvcAdapter.invoke()
2017-11-22 15:14:06.779  INFO 4822 --- [main] o.s.b.a.e.mvc.EndpointHandlerMapping     : Mapped "{[/heapdump || /heapdump.json],methods=[GET],produces=[application/octet-stream]}" onto public void org.springframework.boot.actuate.endpoint.mvc.HeapdumpMvcEndpoint.invoke(boolean,javax.servlet.http.HttpServletRequest,javax.servlet.http.HttpServletResponse) throws java.io.IOException,javax.servlet.ServletException
2017-11-22 15:14:06.781  INFO 4822 --- [main] o.s.b.a.e.mvc.EndpointHandlerMapping     : Mapped "{[/mappings || /mappings.json],methods=[GET],produces=[application/vnd.spring-boot.actuator.v1+json || application/json]}" onto public java.lang.Object org.springframework.boot.actuate.endpoint.mvc.EndpointMvcAdapter.invoke()
2017-11-22 15:14:06.783  INFO 4822 --- [main] o.s.b.a.e.mvc.EndpointHandlerMapping     : Mapped "{[/loggers/{name:.*}],methods=[GET],produces=[application/vnd.spring-boot.actuator.v1+json || application/json]}" onto public java.lang.Object org.springframework.boot.actuate.endpoint.mvc.LoggersMvcEndpoint.get(java.lang.String)
2017-11-22 15:14:06.783  INFO 4822 --- [main] o.s.b.a.e.mvc.EndpointHandlerMapping     : Mapped "{[/loggers/{name:.*}],methods=[POST],consumes=[application/vnd.spring-boot.actuator.v1+json || application/json],produces=[application/vnd.spring-boot.actuator.v1+json || application/json]}" onto public java.lang.Object org.springframework.boot.actuate.endpoint.mvc.LoggersMvcEndpoint.set(java.lang.String,java.util.Map<java.lang.String, java.lang.String>)
2017-11-22 15:14:06.784  INFO 4822 --- [main] o.s.b.a.e.mvc.EndpointHandlerMapping     : Mapped "{[/loggers || /loggers.json],methods=[GET],produces=[application/vnd.spring-boot.actuator.v1+json || application/json]}" onto public java.lang.Object org.springframework.boot.actuate.endpoint.mvc.EndpointMvcAdapter.invoke()
2017-11-22 15:14:06.786  INFO 4822 --- [main] o.s.b.a.e.mvc.EndpointHandlerMapping     : Mapped "{[/autoconfig || /autoconfig.json],methods=[GET],produces=[application/vnd.spring-boot.actuator.v1+json || application/json]}" onto public java.lang.Object org.springframework.boot.actuate.endpoint.mvc.EndpointMvcAdapter.invoke()
2017-11-22 15:14:06.789  INFO 4822 --- [main] o.s.b.a.e.mvc.EndpointHandlerMapping     : Mapped "{[/configprops || /configprops.json],methods=[GET],produces=[application/vnd.spring-boot.actuator.v1+json || application/json]}" onto public java.lang.Object org.springframework.boot.actuate.endpoint.mvc.EndpointMvcAdapter.invoke()
2017-11-22 15:14:06.791  INFO 4822 --- [main] o.s.b.a.e.mvc.EndpointHandlerMapping     : Mapped "{[/metrics/{name:.*}],methods=[GET],produces=[application/vnd.spring-boot.actuator.v1+json || application/json]}" onto public java.lang.Object org.springframework.boot.actuate.endpoint.mvc.MetricsMvcEndpoint.value(java.lang.String)
2017-11-22 15:14:06.791  INFO 4822 --- [main] o.s.b.a.e.mvc.EndpointHandlerMapping     : Mapped "{[/metrics || /metrics.json],methods=[GET],produces=[application/vnd.spring-boot.actuator.v1+json || application/json]}" onto public java.lang.Object org.springframework.boot.actuate.endpoint.mvc.EndpointMvcAdapter.invoke()
2017-11-22 15:14:06.792  INFO 4822 --- [main] o.s.b.a.e.mvc.EndpointHandlerMapping     : Mapped "{[/appInfo || /appInfo.json],methods=[GET],produces=[application/vnd.spring-boot.actuator.v1+json || application/json]}" onto public java.lang.Object org.springframework.boot.actuate.endpoint.mvc.EndpointMvcAdapter.invoke()
2017-11-22 15:14:06.794  INFO 4822 --- [main] o.s.b.a.e.mvc.EndpointHandlerMapping     : Mapped "{[/trace || /trace.json],methods=[GET],produces=[application/vnd.spring-boot.actuator.v1+json || application/json]}" onto public java.lang.Object org.springframework.boot.actuate.endpoint.mvc.EndpointMvcAdapter.invoke()
2017-11-22 15:14:06.797  INFO 4822 --- [main] o.s.b.a.e.mvc.EndpointHandlerMapping     : Mapped "{[/logfile || /logfile.json],methods=[GET || HEAD]}" onto public void org.springframework.boot.actuate.endpoint.mvc.LogFileMvcEndpoint.invoke(javax.servlet.http.HttpServletRequest,javax.servlet.http.HttpServletResponse) throws javax.servlet.ServletException,java.io.IOException
2017-11-22 15:14:06.799  INFO 4822 --- [main] o.s.b.a.e.mvc.EndpointHandlerMapping     : Mapped "{[/env/{name:.*}],methods=[GET],produces=[application/vnd.spring-boot.actuator.v1+json || application/json]}" onto public java.lang.Object org.springframework.boot.actuate.endpoint.mvc.EnvironmentMvcEndpoint.value(java.lang.String)
2017-11-22 15:14:06.800  INFO 4822 --- [main] o.s.b.a.e.mvc.EndpointHandlerMapping     : Mapped "{[/env || /env.json],methods=[GET],produces=[application/vnd.spring-boot.actuator.v1+json || application/json]}" onto public java.lang.Object org.springframework.boot.actuate.endpoint.mvc.EndpointMvcAdapter.invoke()
2017-11-22 15:14:06.801  INFO 4822 --- [main] o.s.b.a.e.mvc.EndpointHandlerMapping     : Mapped "{[/health || /health.json],methods=[GET],produces=[application/vnd.spring-boot.actuator.v1+json || application/json]}" onto public java.lang.Object org.springframework.boot.actuate.endpoint.mvc.HealthMvcEndpoint.invoke(javax.servlet.http.HttpServletRequest,java.security.Principal)
2017-11-22 15:14:06.804  INFO 4822 --- [main] o.s.b.a.e.mvc.EndpointHandlerMapping     : Mapped "{[/auditevents || /auditevents.json],methods=[GET],produces=[application/vnd.spring-boot.actuator.v1+json || application/json]}" onto public org.springframework.http.ResponseEntity<?> org.springframework.boot.actuate.endpoint.mvc.AuditEventsMvcEndpoint.findByPrincipalAndAfterAndType(java.lang.String,java.util.Date,java.lang.String)
2017-11-22 15:14:06.863  INFO 4822 --- [main] o.s.s.web.DefaultSecurityFilterChain     : Creating filter chain: org.springframework.boot.actuate.autoconfigure.ManagementWebSecurityAutoConfiguration$LazyEndpointPathRequestMatcher@24841372, [org.springframework.security.web.context.request.async.WebAsyncManagerIntegrationFilter@77114efe, org.springframework.security.web.context.SecurityContextPersistenceFilter@173a6728, org.springframework.security.web.header.HeaderWriterFilter@38b8b6c0, org.springframework.web.filter.CorsFilter@79a7bfbc, org.springframework.security.web.authentication.logout.LogoutFilter@3b920bdc, org.springframework.security.web.authentication.www.BasicAuthenticationFilter@6edf29c1, org.springframework.security.web.savedrequest.RequestCacheAwareFilter@1a22e0ef, org.springframework.security.web.servletapi.SecurityContextHolderAwareRequestFilter@67514bdd, org.springframework.security.web.authentication.AnonymousAuthenticationFilter@77f68df, org.springframework.security.web.session.SessionManagementFilter@68868328, org.springframework.security.web.access.ExceptionTranslationFilter@29149030, org.springframework.security.web.access.intercept.FilterSecurityInterceptor@1ab5f08a]
2017-11-22 15:14:08.017  INFO 4822 --- [main] o.s.j.e.a.AnnotationMBeanExporter        : Registering beans for JMX exposure on startup
2017-11-22 15:14:08.036  INFO 4822 --- [main] o.s.c.support.DefaultLifecycleProcessor  : Starting beans in phase 0
2017-11-22 15:14:08.248  INFO 4822 --- [main] s.b.c.e.t.TomcatEmbeddedServletContainer : Tomcat started on port(s): 8080 (http)
2017-11-22 15:14:08.256  INFO 4822 --- [main] com.nisum.mytime.DemoApplication         : Started DemoApplication in 8.308 seconds (JVM running for 8.962)
2017-11-22 15:14:16.376  INFO 4822 --- [http-nio-8080-exec-1] o.a.c.c.C.[Tomcat].[localhost].[/]       : Initializing Spring FrameworkServlet 'dispatcherServlet'
2017-11-22 15:14:22.733  INFO 4822 --- [http-nio-8080-exec-8] c.n.m.c.DemoApplicationController        : action: authenticateUser, User Id: mahesh
2017-11-22 15:14:22.795  INFO 4822 --- [http-nio-8080-exec-8] org.mongodb.driver.connection            : Opened connection [connectionId{localValue:2, serverValue:164}] to localhost:27017
2017-11-22 15:14:44.889  INFO 4822 --- [http-nio-8080-exec-7] c.n.m.c.DemoApplicationController        : action: authenticateUser, User Id: srihari
2017-11-22 15:14:56.976  INFO 4822 --- [RMI TCP Connection(6)-127.0.0.1] inMXBeanRegistrar$SpringApplicationAdmin : Application shutdown requested.
2017-11-22 15:14:56.976  INFO 4822 --- [RMI TCP Connection(6)-127.0.0.1] ationConfigEmbeddedWebApplicationContext : Closing org.springframework.boot.context.embedded.AnnotationConfigEmbeddedWebApplicationContext@222114ba: startup date [Wed Nov 22 15:14:00 IST 2017]; root of context hierarchy
2017-11-22 15:14:56.979  INFO 4822 --- [RMI TCP Connection(6)-127.0.0.1] o.s.c.support.DefaultLifecycleProcessor  : Stopping beans in phase 0
2017-11-22 15:14:56.983  INFO 4822 --- [RMI TCP Connection(6)-127.0.0.1] o.s.j.e.a.AnnotationMBeanExporter        : Unregistering JMX-exposed beans on shutdown
2017-11-22 15:14:56.991  INFO 4822 --- [RMI TCP Connection(6)-127.0.0.1] org.mongodb.driver.connection            : Closed connection [connectionId{localValue:2, serverValue:164}] to localhost:27017 because the pool has been closed.
